{
  "stats": {
    "suites": 2,
    "tests": 15,
    "passes": 15,
    "pending": 0,
    "failures": 0,
    "start": "2024-05-01T16:23:12.248Z",
    "end": "2024-05-01T16:23:17.331Z",
    "duration": 5083,
    "testsRegistered": 15,
    "passPercent": 100,
    "pendingPercent": 0,
    "other": 0,
    "hasOther": false,
    "skipped": 0,
    "hasSkipped": false
  },
  "results": [
    {
      "uuid": "40f1daee-e36d-4b10-97bb-adb5e2774fe9",
      "title": "",
      "fullFile": "",
      "file": "",
      "beforeHooks": [],
      "afterHooks": [],
      "tests": [],
      "suites": [
        {
          "uuid": "04124b79-638e-4fc1-8286-b69e590e01fb",
          "title": "API Testing Posts",
          "fullFile": "/Users/andinira/Documents/prodemy/test-reporting-andin/specs/post_api.spec.js",
          "file": "/specs/post_api.spec.js",
          "beforeHooks": [],
          "afterHooks": [],
          "tests": [
            {
              "title": "Get a All Post",
              "fullTitle": "API Testing Posts Get a All Post",
              "timedOut": false,
              "duration": 625,
              "state": "passed",
              "speed": "slow",
              "pass": true,
              "fail": false,
              "pending": false,
              "context": null,
              "code": "const res = await request.get('/posts')\nexpect(res.body).to.be.jsonSchema(allPostSchema)",
              "err": {},
              "uuid": "5275a5f1-3fc9-4455-a16a-025069b61a7c",
              "parentUUID": "04124b79-638e-4fc1-8286-b69e590e01fb",
              "isHook": false,
              "skipped": false
            },
            {
              "title": "Get a Single Post",
              "fullTitle": "API Testing Posts Get a Single Post",
              "timedOut": false,
              "duration": 549,
              "state": "passed",
              "speed": "slow",
              "pass": true,
              "fail": false,
              "pending": false,
              "context": null,
              "code": "const res = await request.get('/posts/14')\nexpect(res.body).to.be.jsonSchema(postSchema)",
              "err": {},
              "uuid": "37bec2f9-86bb-4e2a-807d-1e456ec5e7d5",
              "parentUUID": "04124b79-638e-4fc1-8286-b69e590e01fb",
              "isHook": false,
              "skipped": false
            },
            {
              "title": "Get a Search Post",
              "fullTitle": "API Testing Posts Get a Search Post",
              "timedOut": false,
              "duration": 558,
              "state": "passed",
              "speed": "slow",
              "pass": true,
              "fail": false,
              "pending": false,
              "context": null,
              "code": "const res = await request.get('/posts/search?q=secrets')\nexpect(res.body).to.be.jsonSchema(searchSchema)",
              "err": {},
              "uuid": "0f5d5f40-a2df-4b0d-904b-fc5e8271d0b7",
              "parentUUID": "04124b79-638e-4fc1-8286-b69e590e01fb",
              "isHook": false,
              "skipped": false
            },
            {
              "title": "Limit and Skip Post",
              "fullTitle": "API Testing Posts Limit and Skip Post",
              "timedOut": false,
              "duration": 552,
              "state": "passed",
              "speed": "slow",
              "pass": true,
              "fail": false,
              "pending": false,
              "context": null,
              "code": "const res = await request.get('/posts/posts?limit=10&skip=10&select=title,reactions,userId')\nexpect(res.body).to.be.jsonSchema(limitSkipSchema)",
              "err": {},
              "uuid": "080f9923-8e2e-4832-ab5e-7b1e31ab763a",
              "parentUUID": "04124b79-638e-4fc1-8286-b69e590e01fb",
              "isHook": false,
              "skipped": false
            },
            {
              "title": "Get all Post by User ID",
              "fullTitle": "API Testing Posts Get all Post by User ID",
              "timedOut": false,
              "duration": 555,
              "state": "passed",
              "speed": "slow",
              "pass": true,
              "fail": false,
              "pending": false,
              "context": null,
              "code": "const res = await request.get('/posts/user/5')\nexpect(res.body).to.be.jsonSchema(postSchema)",
              "err": {},
              "uuid": "9ba4f920-d8eb-4a3f-806f-3c4e6aceb1f3",
              "parentUUID": "04124b79-638e-4fc1-8286-b69e590e01fb",
              "isHook": false,
              "skipped": false
            },
            {
              "title": "Get Post is Comments",
              "fullTitle": "API Testing Posts Get Post is Comments",
              "timedOut": false,
              "duration": 562,
              "state": "passed",
              "speed": "slow",
              "pass": true,
              "fail": false,
              "pending": false,
              "context": null,
              "code": "const res = await request.get('/posts/1/comments')\nexpect(res.body).to.be.jsonSchema(commentsSchema)",
              "err": {},
              "uuid": "b277a931-9650-450b-9ba7-5209658581a7",
              "parentUUID": "04124b79-638e-4fc1-8286-b69e590e01fb",
              "isHook": false,
              "skipped": false
            },
            {
              "title": "Add a New Post",
              "fullTitle": "API Testing Posts Add a New Post",
              "timedOut": false,
              "duration": 550,
              "state": "passed",
              "speed": "slow",
              "pass": true,
              "fail": false,
              "pending": false,
              "context": null,
              "code": "const addPost = {\n    id : 14,\n    title: 'Hello',\n    userId: 4\n}\nconst res = await request.post(\"/posts/add\").send(addPost)\nexpect(res.body).to.be.jsonSchema(postSchema)",
              "err": {},
              "uuid": "e674440d-69ee-45d4-895e-4d3e77258145",
              "parentUUID": "04124b79-638e-4fc1-8286-b69e590e01fb",
              "isHook": false,
              "skipped": false
            },
            {
              "title": "Update a Post",
              "fullTitle": "API Testing Posts Update a Post",
              "timedOut": false,
              "duration": 548,
              "state": "passed",
              "speed": "slow",
              "pass": true,
              "fail": false,
              "pending": false,
              "context": null,
              "code": "const updatePost = {\n    tags: [\n        \"comedy\",\n        \"english\",\n        \"love\"\n    ]\n}\nconst res = await request.put(\"/posts/2\").send(updatePost)\nexpect(res.body).to.be.jsonSchema(postSchema)",
              "err": {},
              "uuid": "eb5be62e-36ed-47dd-b507-f1f44ca9d16a",
              "parentUUID": "04124b79-638e-4fc1-8286-b69e590e01fb",
              "isHook": false,
              "skipped": false
            },
            {
              "title": "Delete a Post",
              "fullTitle": "API Testing Posts Delete a Post",
              "timedOut": false,
              "duration": 559,
              "state": "passed",
              "speed": "slow",
              "pass": true,
              "fail": false,
              "pending": false,
              "context": null,
              "code": "const res = await request.delete('/posts/3')\nexpect(res.body).to.be.jsonSchema(deleteSchema)",
              "err": {},
              "uuid": "735b3347-d1be-4a91-85e6-fc82d8b1b122",
              "parentUUID": "04124b79-638e-4fc1-8286-b69e590e01fb",
              "isHook": false,
              "skipped": false
            }
          ],
          "suites": [],
          "passes": [
            "5275a5f1-3fc9-4455-a16a-025069b61a7c",
            "37bec2f9-86bb-4e2a-807d-1e456ec5e7d5",
            "0f5d5f40-a2df-4b0d-904b-fc5e8271d0b7",
            "080f9923-8e2e-4832-ab5e-7b1e31ab763a",
            "9ba4f920-d8eb-4a3f-806f-3c4e6aceb1f3",
            "b277a931-9650-450b-9ba7-5209658581a7",
            "e674440d-69ee-45d4-895e-4d3e77258145",
            "eb5be62e-36ed-47dd-b507-f1f44ca9d16a",
            "735b3347-d1be-4a91-85e6-fc82d8b1b122"
          ],
          "failures": [],
          "pending": [],
          "skipped": [],
          "duration": 5058,
          "root": false,
          "rootEmpty": false,
          "_timeout": 2000
        },
        {
          "uuid": "32dfa509-db32-4321-b78c-de09dd183cc6",
          "title": "staircase check",
          "fullFile": "/Users/andinira/Documents/prodemy/test-reporting-andin/specs/staircase.spec.js",
          "file": "/specs/staircase.spec.js",
          "beforeHooks": [],
          "afterHooks": [],
          "tests": [
            {
              "title": "K_01 - Parameter n bukan integer",
              "fullTitle": "staircase check K_01 - Parameter n bukan integer",
              "timedOut": false,
              "duration": 0,
              "state": "passed",
              "speed": "fast",
              "pass": true,
              "fail": false,
              "pending": false,
              "context": null,
              "code": "const check = staircase('test',' ', '#')\nexpect(check).to.equal('parameter n tidak boleh selain number');",
              "err": {},
              "uuid": "348b4e75-a145-4e2e-a340-fd887ba18aec",
              "parentUUID": "32dfa509-db32-4321-b78c-de09dd183cc6",
              "isHook": false,
              "skipped": false
            },
            {
              "title": "K_02 - Parameter n melebihi 100",
              "fullTitle": "staircase check K_02 - Parameter n melebihi 100",
              "timedOut": false,
              "duration": 0,
              "state": "passed",
              "speed": "fast",
              "pass": true,
              "fail": false,
              "pending": false,
              "context": null,
              "code": "const check = staircase(101,' ', '#')\nexpect(check).to.equal('parameter n tidak boleh melebihi 100');",
              "err": {},
              "uuid": "37acd94b-b97e-4e39-a960-1562c28cfc1e",
              "parentUUID": "32dfa509-db32-4321-b78c-de09dd183cc6",
              "isHook": false,
              "skipped": false
            },
            {
              "title": "K_03 - Parameter tipe (2) selain pagar",
              "fullTitle": "staircase check K_03 - Parameter tipe (2) selain pagar",
              "timedOut": false,
              "duration": 1,
              "state": "passed",
              "speed": "fast",
              "pass": true,
              "fail": false,
              "pending": false,
              "context": null,
              "code": "const check = staircase(50, ' ', '*')\nexpect(check).to.equal('parameter tipe (2) tidak boleh selain pagar');",
              "err": {},
              "uuid": "783f6dbc-4e43-49a7-a1f8-ff2c82c9b067",
              "parentUUID": "32dfa509-db32-4321-b78c-de09dd183cc6",
              "isHook": false,
              "skipped": false
            },
            {
              "title": "K_04 - Hasil sesuai",
              "fullTitle": "staircase check K_04 - Hasil sesuai",
              "timedOut": false,
              "duration": 0,
              "state": "passed",
              "speed": "fast",
              "pass": true,
              "fail": false,
              "pending": false,
              "context": null,
              "code": "// membuat staircase ditentukan n nya berapa\nlet n = 4; \nlet baris = \"\";\nfor (let i = 1; i <= n; i++) {\n  for (let j = 1; j <= n - i; j++) {\n    baris += \" \"; \n  }\n  for (let k = 1; k <= i; k++) {\n    baris += \"#\";\n  }\n  baris += \"\\n\"; \n}\nconst check = staircase(n,' ', '#')\nexpect(check).to.equal(baris);",
              "err": {},
              "uuid": "5d90e939-cb47-4d58-9ac6-66c681dec987",
              "parentUUID": "32dfa509-db32-4321-b78c-de09dd183cc6",
              "isHook": false,
              "skipped": false
            },
            {
              "title": "K_05 - Parameter tipe (1) selain spasi",
              "fullTitle": "staircase check K_05 - Parameter tipe (1) selain spasi",
              "timedOut": false,
              "duration": 0,
              "state": "passed",
              "speed": "fast",
              "pass": true,
              "fail": false,
              "pending": false,
              "context": null,
              "code": "const check = staircase(50,'-', '#')\nexpect(check).to.equal('parameter tipe (1) tidak boleh selain spasi');",
              "err": {},
              "uuid": "1029d37d-18a3-4d35-abf9-c2b6e883304d",
              "parentUUID": "32dfa509-db32-4321-b78c-de09dd183cc6",
              "isHook": false,
              "skipped": false
            },
            {
              "title": "K_06 - Parameter n minimal 1",
              "fullTitle": "staircase check K_06 - Parameter n minimal 1",
              "timedOut": false,
              "duration": 0,
              "state": "passed",
              "speed": "fast",
              "pass": true,
              "fail": false,
              "pending": false,
              "context": null,
              "code": "const check = staircase(0,' ', '#')\nexpect(check).to.equal('parameter n minimal 1');",
              "err": {},
              "uuid": "f996a7e1-8e04-476a-8ada-b7700e2f0aac",
              "parentUUID": "32dfa509-db32-4321-b78c-de09dd183cc6",
              "isHook": false,
              "skipped": false
            }
          ],
          "suites": [],
          "passes": [
            "348b4e75-a145-4e2e-a340-fd887ba18aec",
            "37acd94b-b97e-4e39-a960-1562c28cfc1e",
            "783f6dbc-4e43-49a7-a1f8-ff2c82c9b067",
            "5d90e939-cb47-4d58-9ac6-66c681dec987",
            "1029d37d-18a3-4d35-abf9-c2b6e883304d",
            "f996a7e1-8e04-476a-8ada-b7700e2f0aac"
          ],
          "failures": [],
          "pending": [],
          "skipped": [],
          "duration": 1,
          "root": false,
          "rootEmpty": false,
          "_timeout": 2000
        }
      ],
      "passes": [],
      "failures": [],
      "pending": [],
      "skipped": [],
      "duration": 0,
      "root": true,
      "rootEmpty": true,
      "_timeout": 2000
    }
  ],
  "meta": {
    "mocha": {
      "version": "10.4.0"
    },
    "mochawesome": {
      "options": {
        "quiet": false,
        "reportFilename": "mochawesome",
        "saveHtml": true,
        "saveJson": true,
        "consoleReporter": "spec",
        "useInlineDiffs": false,
        "code": true
      },
      "version": "7.1.3"
    },
    "marge": {
      "options": null,
      "version": "6.2.0"
    }
  }
}